C:\Program Files\Microsoft Visual Studio\2022\Community\MSBuild\Microsoft\VC\v170\Microsoft.CppBuild.targets(517,5): warning MSB8028: The intermediate directory (x64\Debug\) contains files shared from another project (ImGui DirectX 11 Kiero Hook.vcxproj).  This can lead to incorrect clean and rebuild behavior.
  Scanning sources for module dependencies...
  main.cpp
C:\Users\theme\Downloads\ImGui-DirectX-11-Kiero-Hook-master\ImGui-DirectX-11-Kiero-Hook-master\ImGui DirectX 11 Kiero Hook\functions\functions.h(9,53): warning C4305: 'initializing': truncation from 'double' to 'float'
C:\Users\theme\Downloads\ImGui-DirectX-11-Kiero-Hook-master\ImGui-DirectX-11-Kiero-Hook-master\ImGui DirectX 11 Kiero Hook\functions\functions.h(39,20): warning C4244: 'return': conversion from 'double' to 'float', possible loss of data
C:\Users\theme\Downloads\ImGui-DirectX-11-Kiero-Hook-master\ImGui-DirectX-11-Kiero-Hook-master\ImGui DirectX 11 Kiero Hook\functions\functions.h(48,20): warning C4244: 'return': conversion from 'double' to 'float', possible loss of data
C:\Users\theme\Downloads\ImGui-DirectX-11-Kiero-Hook-master\ImGui-DirectX-11-Kiero-Hook-master\ImGui DirectX 11 Kiero Hook\main.cpp(85,51): warning C4311: 'type cast': pointer truncation from 'HMODULE' to 'DWORD'
C:\Users\theme\Downloads\ImGui-DirectX-11-Kiero-Hook-master\ImGui-DirectX-11-Kiero-Hook-master\ImGui DirectX 11 Kiero Hook\main.cpp(85,51): warning C4302: 'type cast': truncation from 'HMODULE' to 'DWORD'
C:\Users\theme\Downloads\ImGui-DirectX-11-Kiero-Hook-master\ImGui-DirectX-11-Kiero-Hook-master\ImGui DirectX 11 Kiero Hook\main.cpp(145,43): warning C4838: conversion from 'double' to 'float' requires a narrowing conversion
C:\Users\theme\Downloads\ImGui-DirectX-11-Kiero-Hook-master\ImGui-DirectX-11-Kiero-Hook-master\ImGui DirectX 11 Kiero Hook\main.cpp(145,43): warning C4244: 'initializing': conversion from 'double' to 'float', possible loss of data
C:\Users\theme\Downloads\ImGui-DirectX-11-Kiero-Hook-master\ImGui-DirectX-11-Kiero-Hook-master\ImGui DirectX 11 Kiero Hook\main.cpp(145,64): warning C4838: conversion from 'double' to 'float' requires a narrowing conversion
C:\Users\theme\Downloads\ImGui-DirectX-11-Kiero-Hook-master\ImGui-DirectX-11-Kiero-Hook-master\ImGui DirectX 11 Kiero Hook\main.cpp(145,64): warning C4244: 'initializing': conversion from 'double' to 'float', possible loss of data
C:\Users\theme\Downloads\ImGui-DirectX-11-Kiero-Hook-master\ImGui-DirectX-11-Kiero-Hook-master\ImGui DirectX 11 Kiero Hook\main.cpp(145,85): warning C4838: conversion from 'double' to 'float' requires a narrowing conversion
C:\Users\theme\Downloads\ImGui-DirectX-11-Kiero-Hook-master\ImGui-DirectX-11-Kiero-Hook-master\ImGui DirectX 11 Kiero Hook\main.cpp(145,85): warning C4244: 'initializing': conversion from 'double' to 'float', possible loss of data
C:\Users\theme\Downloads\ImGui-DirectX-11-Kiero-Hook-master\ImGui-DirectX-11-Kiero-Hook-master\ImGui DirectX 11 Kiero Hook\main.cpp(146,38): warning C4838: conversion from 'double' to 'float' requires a narrowing conversion
C:\Users\theme\Downloads\ImGui-DirectX-11-Kiero-Hook-master\ImGui-DirectX-11-Kiero-Hook-master\ImGui DirectX 11 Kiero Hook\main.cpp(146,38): warning C4244: 'initializing': conversion from 'double' to 'float', possible loss of data
C:\Users\theme\Downloads\ImGui-DirectX-11-Kiero-Hook-master\ImGui-DirectX-11-Kiero-Hook-master\ImGui DirectX 11 Kiero Hook\main.cpp(146,54): warning C4838: conversion from 'double' to 'float' requires a narrowing conversion
C:\Users\theme\Downloads\ImGui-DirectX-11-Kiero-Hook-master\ImGui-DirectX-11-Kiero-Hook-master\ImGui DirectX 11 Kiero Hook\main.cpp(146,54): warning C4244: 'initializing': conversion from 'double' to 'float', possible loss of data
C:\Users\theme\Downloads\ImGui-DirectX-11-Kiero-Hook-master\ImGui-DirectX-11-Kiero-Hook-master\ImGui DirectX 11 Kiero Hook\main.cpp(146,70): warning C4838: conversion from 'double' to 'float' requires a narrowing conversion
C:\Users\theme\Downloads\ImGui-DirectX-11-Kiero-Hook-master\ImGui-DirectX-11-Kiero-Hook-master\ImGui DirectX 11 Kiero Hook\main.cpp(146,70): warning C4244: 'initializing': conversion from 'double' to 'float', possible loss of data
C:\Users\theme\Downloads\ImGui-DirectX-11-Kiero-Hook-master\ImGui-DirectX-11-Kiero-Hook-master\ImGui DirectX 11 Kiero Hook\main.cpp(220,47): warning C4312: 'type cast': conversion from 'DWORD' to 'void *' of greater size
  ImGui DirectX 11 Kiero Hook.vcxproj -> C:\Users\theme\Downloads\ImGui-DirectX-11-Kiero-Hook-master\ImGui-DirectX-11-Kiero-Hook-master\x64\Debug\SanrioClient.dll
